2023-07-16T14:24:13.382Z - SUCCESS - John Dakota / 5557 4681 9800 1219 / 326 / 850
2023-07-16T14:31:40.984Z - SUCCESS - Toinette Hortensia / 5460 8269 1143 6858 / 1024 / 840
2023-07-16T14:35:59.109Z - SUCCESS - Carolynn Marci / 5304 5286 6069 6679 / 826 / 217
2023-07-16T14:36:10.987Z - SUCCESS - Willy Breena / 5483 8499 4411 1771 / 224 / 748
2023-07-16T14:36:21.152Z - SUCCESS - Carmon Virgie / 5249 1685 1140 4470 / 528 / 328
2023-07-16T14:36:30.033Z - SUCCESS - Eda Guglielma / 5166 8810 8278 7878 / 525 / 881
2023-07-16T14:36:36.818Z - SUCCESS - Dale Salome / 5325 3593 8291 6803 / 1126 / 508
2023-07-16T14:40:47.673Z - SUCCESS - Lila Faythe / 5338 0062 8710 9939 / 0428 / 955
2023-07-16T14:40:55.455Z - SUCCESS - Cinnamon Shandeigh / 5464 5760 6798 7928 / 0125 / 695
2023-07-16T14:41:03.183Z - SUCCESS - Zondra Zaneta / 5483 9300 1640 3595 / 0828 / 626
2023-07-16T14:41:10.640Z - SUCCESS - Mercy Zenia / 5378 7029 5353 0972 / 0124 / 556
2023-07-16T14:41:23.922Z - SUCCESS - Filippa Kelcie / 5128 0636 8104 8426 / 0825 / 270
2023-07-16T14:41:34.373Z - SUCCESS - Lilia Celinka / 5422 1581 6967 1313 / 0324 / 912
2023-07-16T14:41:43.602Z - SUCCESS - Jacquelyn Moselle / 5455 5926 7907 1420 / 0526 / 403
2023-07-16T14:43:28.478Z - SUCCESS - Jody Allx / 5122 1918 9691 3327 / 0524 / 0
2023-07-16T14:43:35.645Z - SUCCESS - Fiann Rubetta / 5331 4198 2123 8039 / 0127 / 693
2023-07-16T14:43:44.554Z - SUCCESS - Bryn Mag / 5101 9255 8479 1840 / 0724 / 140
2023-07-16T14:44:09.745Z - SUCCESS - Oralle Katie / 5224 1503 4637 2675 / 0825 / 62
2023-07-16T14:44:22.410Z - SUCCESS - Farand Mollie / 5218 0052 9670 4007 / 0327 / 234
2023-07-16T14:44:31.773Z - SUCCESS - Lana Gleda / 5350 9978 6074 2109 / 1225 / 806
2023-07-16T14:44:38.853Z - SUCCESS - Caressa Candida / 5591 9426 4347 0128 / 0926 / 727
2023-07-16T14:44:47.326Z - SUCCESS - Fanya Tammie / 5356 8548 2147 2403 / 1227 / 779
2023-07-16T14:44:58.180Z - SUCCESS - Gennifer Harriott / 5378 9197 5200 4920 / 1224 / 256
2023-07-16T14:45:07.088Z - SUCCESS - Jewel Pierrette / 5544 4020 2059 5350 / 0828 / 17
2023-07-16T14:45:15.690Z - SUCCESS - Minetta Evaleen / 5198 3857 2305 3681 / 0724 / 574
2023-07-16T14:45:25.725Z - SUCCESS - Chloris Alie / 5563 1171 0638 4495 / 0827 / 980
2023-07-16T14:45:32.893Z - SUCCESS - Marney Sisely / 5425 4435 8292 5255 / 0624 / 183
2023-07-16T14:45:45.386Z - SUCCESS - Celesta Eula / 5422 6478 5490 3623 / 0327 / 138
2023-07-16T14:45:53.848Z - SUCCESS - Charlotta Laurette / 5482 3055 0768 8145 / 0627 / 226
2023-07-16T14:46:06.686Z - SUCCESS - Margit Odessa / 5332 1246 6590 2408 / 1027 / 902
2023-07-16T14:46:16.721Z - SUCCESS - Anne Gilda / 5359 5523 8542 3938 / 0427 / 379
2023-07-16T14:46:29.009Z - SUCCESS - Carlota Moselle / 5158 0669 8520 8734 / 0527 / 22
2023-07-16T14:46:35.662Z - SUCCESS - Harli Dareen / 5542 6797 1223 9211 / 0227 / 210
2023-07-16T14:46:46.230Z - SUCCESS - Clementina Eydie / 5416 7288 7492 4753 / 0925 / 748
2023-07-16T14:46:55.902Z - SUCCESS - Dorothy Melisent / 5143 0384 4677 4529 / 0824 / 616
2023-07-16T14:47:03.620Z - SUCCESS - Maressa Lisetta / 5336 0437 1116 0420 / 0126 / 65
2023-07-16T14:47:11.844Z - SUCCESS - Flore Alla / 5331 0400 7759 6576 / 0828 / 44
2023-07-16T14:47:23.895Z - SUCCESS - Jillian Indira / 5516 8417 8937 7539 / 1225 / 972
2023-07-16T14:47:31.499Z - SUCCESS - Kissiah Haley / 5146 2138 3654 7947 / 0828 / 432
2023-07-16T14:47:40.728Z - SUCCESS - Giustina Noel / 5328 4755 5977 1119 / 0628 / 664
2023-07-16T14:47:53.796Z - SUCCESS - Delphinia Adel / 5482 3782 9609 2561 / 0226 / 212
2023-07-16T14:48:02.681Z - SUCCESS - Gerta Lacie / 5492 4959 3303 3974 / 0725 / 341
2023-07-16T14:48:10.767Z - SUCCESS - Marji Lonna / 5301 5535 3432 8852 / 0325 / 25
2023-07-16T14:48:21.239Z - SUCCESS - Teddie Ranna / 5300 1412 3000 3172 / 1227 / 544
2023-07-16T14:48:28.509Z - SUCCESS - Sharity Sibilla / 5537 6822 7950 5312 / 0524 / 665
2023-07-16T14:48:37.418Z - SUCCESS - Florina Felicle / 5345 8903 8803 6999 / 1228 / 965
2023-07-16T14:48:45.406Z - SUCCESS - Robinet Brinna / 5240 1874 2483 8222 / 0425 / 911
2023-07-16T14:48:54.621Z - SUCCESS - Raye Gabi / 5423 3082 7471 0722 / 0625 / 118
2023-07-16T14:49:07.168Z - SUCCESS - Kat Mable / 5511 7237 6676 0704 / 1028 / 358
2023-07-16T14:49:14.282Z - SUCCESS - Lesya Kelley / 5399 6202 3331 0821 / 0725 / 732
2023-07-16T14:49:23.349Z - SUCCESS - Corene Selie / 5456 1234 1441 4045 / 1225 / 453
2023-07-16T14:49:31.739Z - SUCCESS - Sallyann Dorie / 5126 3344 3422 5507 / 0825 / 69
2023-07-16T14:49:40.906Z - SUCCESS - Andra Millisent / 5278 5492 7518 5969 / 0928 / 778
2023-07-16T14:49:58.520Z - SUCCESS - Stephanie Tresa / 5428 1818 3994 9110 / 0827 / 484
2023-07-16T14:50:05.754Z - SUCCESS - Adore Brandice / 5321 4631 0082 2948 / 0328 / 926
2023-07-16T14:50:14.290Z - SUCCESS - Danette Willow / 5105 2291 7704 0776 / 1125 / 664
2023-07-16T14:50:21.457Z - SUCCESS - Ernaline Grazia / 5391 0446 3049 8122 / 1026 / 670
2023-07-16T14:50:29.137Z - SUCCESS - Sharla Elsie / 5530 8651 6205 9102 / 1027 / 872
2023-07-16T14:50:41.732Z - SUCCESS - Rebbecca Jehanna / 5564 5507 2601 3399 / 1025 / 658
2023-07-16T14:50:48.636Z - SUCCESS - Morgen Colline / 5506 1759 3806 1714 / 0927 / 160
2023-07-16T14:50:59.738Z - SUCCESS - Coral Anette / 5153 2444 8413 7879 / 0125 / 189
2023-07-16T14:51:09.201Z - SUCCESS - Glennis Daisey / 5213 4655 8762 8852 / 0426 / 10
2023-07-16T14:51:19.006Z - SUCCESS - Heidie Kevyn / 5337 1333 2160 9824 / 0726 / 362
2023-07-16T14:51:31.363Z - SUCCESS - Julee Norina / 5570 6602 5611 7966 / 1124 / 942
2023-07-16T14:51:40.100Z - SUCCESS - Viki Romonda / 5452 6709 1842 2461 / 1226 / 345
2023-07-16T14:51:48.497Z - SUCCESS - Shara Sherrie / 5250 3122 3466 5147 / 0525 / 119
2023-07-16T14:52:00.914Z - SUCCESS - Harmonia Koren / 5591 7610 0295 3291 / 0427 / 647
2023-07-16T14:52:10.964Z - SUCCESS - Kristan Anjela / 5417 4769 3637 0848 / 0324 / 48
2023-07-16T14:52:21.572Z - SUCCESS - Fiona Rosina / 5564 4061 0816 8479 / 0826 / 516
2023-07-16T14:52:29.838Z - SUCCESS - Malory Rhetta / 5474 5062 5696 6254 / 1025 / 772
2023-07-16T14:52:38.270Z - SUCCESS - Carrissa Prudence / 5346 7312 5524 9113 / 0328 / 936
2023-07-16T14:52:47.787Z - SUCCESS - Silvana Olympe / 5241 7743 5660 3167 / 0326 / 10
2023-07-16T14:52:55.228Z - SUCCESS - Lorri Michelle / 5318 8327 4905 7685 / 0824 / 645
2023-07-16T14:53:07.243Z - SUCCESS - Arabel Aubrie / 5214 5509 8530 2716 / 1124 / 735
2023-07-16T14:53:15.435Z - SUCCESS - Thia Ajay / 5214 6068 6180 2489 / 0825 / 883
2023-07-16T14:53:25.470Z - SUCCESS - Adaline Kaylee / 5202 1883 8535 6114 / 0624 / 6
2023-07-16T14:53:37.143Z - SUCCESS - Linzy Kaitlyn / 5456 1650 0710 2790 / 0226 / 191
2023-07-16T14:53:44.991Z - SUCCESS - Paloma Andy / 5357 5363 9435 9369 / 0726 / 719
2023-07-16T14:53:54.552Z - SUCCESS - Marieann Loreen / 5321 0603 6037 1044 / 0828 / 727
2023-07-16T14:54:03.563Z - SUCCESS - Ruthann Luisa / 5567 8134 4793 9884 / 0427 / 104
2023-07-16T14:54:12.622Z - SUCCESS - Kirsteni Reeva / 5523 8314 4036 8473 / 0728 / 49
2023-07-16T14:54:22.239Z - SUCCESS - Marrissa Shaylynn / 5362 6107 2136 4614 / 0826 / 808
2023-07-16T14:54:29.777Z - SUCCESS - Dotty Sephira / 5371 6675 3112 1801 / 0924 / 616
2023-07-16T14:54:39.014Z - SUCCESS - Mirella Chandal / 5285 9589 2135 2672 / 0227 / 264
2023-07-16T14:54:48.584Z - SUCCESS - Anestassia Amalie / 5483 1444 2394 1463 / 0325 / 976
2023-07-16T14:54:57.630Z - SUCCESS - Cassandre Star / 5400 9566 8805 8076 / 0724 / 186
2023-07-16T14:55:07.666Z - SUCCESS - Ruthe Kacey / 5133 5423 9316 9524 / 1128 / 305
2023-07-16T14:55:14.834Z - SUCCESS - Kerrie Sue / 5309 0920 8962 6613 / 0728 / 699
2023-07-16T14:55:26.712Z - SUCCESS - Pandora Keri / 5267 4702 9341 9446 / 0226 / 430
2023-07-16T14:55:45.145Z - SUCCESS - Carlen Isobel / 5114 8729 8957 0842 / 0424 / 901
2023-07-16T14:55:55.254Z - SUCCESS - Timmi Sunshine / 5340 6979 1822 4061 / 0626 / 874
2023-07-16T14:56:05.851Z - SUCCESS - Evelina Bride / 5207 7692 4861 8497 / 0126 / 202
2023-07-16T14:56:17.754Z - SUCCESS - Marion Addy / 5321 6511 0943 1936 / 0424 / 696
2023-07-16T14:56:28.561Z - SUCCESS - Lyda Casi / 5147 1541 9601 5169 / 0927 / 901
2023-07-16T14:56:38.598Z - SUCCESS - Katharina Tamqrah / 5481 9156 9616 3871 / 1027 / 137
2023-07-16T14:56:49.237Z - SUCCESS - Daveta Mela / 5341 3081 7970 7696 / 0724 / 762
2023-07-16T14:56:59.062Z - SUCCESS - Dorothea Ailene / 5553 9320 8334 6695 / 0227 / 993
2023-07-16T14:57:06.880Z - SUCCESS - Roxine Ollie / 5541 7302 3809 0113 / 0428 / 165
2023-07-16T14:57:15.442Z - SUCCESS - Ludovika Mab / 5195 3794 2431 2252 / 0425 / 853
2023-07-16T14:57:27.134Z - SUCCESS - Olivia Lacie / 5467 3624 2653 5931 / 0327 / 161
2023-07-16T14:57:35.825Z - SUCCESS - Kristen Iris / 5448 5118 4853 6533 / 0327 / 943
2023-07-16T14:57:46.160Z - SUCCESS - Gates Gussi / 5364 8472 1675 8020 / 0728 / 186
2023-07-16T14:57:58.857Z - SUCCESS - Celene Bernadene / 5452 8622 3702 7549 / 1225 / 505
2023-07-16T14:58:06.024Z - SUCCESS - Tracie Sissie / 5261 3679 7065 4957 / 0826 / 558
2023-07-16T14:58:18.764Z - SUCCESS - Katuscha Blinni / 5502 5364 8320 3272 / 0628 / 439
2023-07-16T14:58:28.347Z - SUCCESS - Meta Danni / 5359 1681 3186 2511 / 0527 / 694
2023-07-16T14:58:35.516Z - SUCCESS - Lola Jania / 5242 4872 4826 3691 / 1224 / 598
2023-07-16T14:58:46.646Z - SUCCESS - Corliss Gilbertina / 5309 0832 7756 7306 / 1226 / 254
2023-07-16T14:58:59.741Z - SUCCESS - Correy Kiele / 5212 1405 8251 0270 / 1226 / 789
2023-07-16T14:59:10.741Z - SUCCESS - Nataline Catherina / 5264 3717 5822 3437 / 0625 / 383
2023-07-16T14:59:17.975Z - SUCCESS - Daveta Trisha / 5176 7790 3391 5139 / 0826 / 557
2023-07-16T14:59:31.881Z - SUCCESS - Sayre Queenie / 5381 6894 6528 1174 / 0326 / 856
2023-07-16T14:59:39.412Z - SUCCESS - Stacey Sibley / 5516 7675 5596 2554 / 0824 / 694
2023-07-16T14:59:49.674Z - SUCCESS - Kimberlee Ariella / 5445 9977 1315 2326 / 0124 / 458
2023-07-16T15:00:00.096Z - SUCCESS - Janna Lil / 5479 1352 9868 0081 / 0527 / 201
2023-07-16T15:00:10.132Z - SUCCESS - Viva Kathie / 5459 0838 3574 2274 / 1226 / 553
2023-07-16T15:00:24.265Z - SUCCESS - Dorise Trudi / 5422 9647 2196 0819 / 0324 / 647
2023-07-16T15:00:38.394Z - SUCCESS - Lorelei Brande / 5261 9244 4496 3098 / 0427 / 598
2023-07-16T15:00:52.115Z - SUCCESS - Shell Rycca / 5316 8162 2539 7928 / 1028 / 960
2023-07-16T15:10:13.512Z - FAIL - Julita Alanna / 5469 6320 5304 3145 / 0726 / 541
2023-07-16T15:12:38.909Z - FAIL - Biddy Dianemarie / 5127 4051 9515 8593 / 0528 / 368
2023-07-16T15:14:26.861Z - FAIL - Octavia Gretchen / 5170 1951 7095 6866 / 1024 / 399
2023-07-16T15:18:02.396Z - FAIL - Jessi Klarrisa / 5594 1008 1818 7768 / 1124 / 685
2023-07-16T15:19:24.251Z - FAIL - Lexy Dael / 5366 9146 5256 0711 / 0528 / 566
2023-07-16T15:21:36.826Z - FAIL - Cthrine Kass / 5430 0832 4219 1172 / 0425 / 670
2023-07-16T15:23:02.708Z - FAIL - Moria Lucina / 5511 5416 2409 8199 / 0327 / 15
2023-07-16T15:24:32.595Z - FAIL - Clovis Lotty / 5297 2280 9048 4645 / 0127 / 881
2023-07-16T15:25:54.042Z - FAIL - Etheline Lyndy / 5159 2378 9967 1852 / 0225 / 292
2023-07-16T15:26:38.611Z - FAIL - Deidre Janel / 5373 0808 5073 5401 / 1227 / 246
2023-07-16T15:26:47.160Z - FAIL - Tiphani Pandora / 5515 8355 5010 7188 / 0426 / 318
2023-07-16T15:26:54.147Z - FAIL - Jilli Bird / 5187 9257 3155 9852 / 0524 / 778
2023-07-16T15:29:03.642Z - FAIL - Chrissy Polly / 5312 0506 6682 2811 / 0626 / 594
2023-07-16T15:30:01.361Z - FAIL at http://46f56dafae7.sunroots.pt - Ericka Willy / 5407 2922 6418 8071 / 0527 / 752
2023-07-16T15:32:20.675Z - FAIL at http://846c6cfe.tauzaki.com - Elfrieda Costanza / 5369 1916 4029 4863 / 0327 / 202
2023-07-16T15:33:45.835Z - FAIL at http://846c6cfe.tauzaki.com - Polly Midge / 5418 2267 1206 7068 / 0527 / 48
2023-07-17T10:33:53.985Z - SUCCESS at http://de11d42b.tauzaki.com/ - Sophie Eugenie / 5327 9436 3339 6161 / 1025 / 483
2023-07-17T10:34:07.133Z - SUCCESS at http://3e6a6a61.tauzaki.com/ - Anjanette Gwenni / 5543 8667 0763 4901 / 0826 / 035
2023-07-17T10:34:36.306Z - SUCCESS at http://b8fb969c.tauzaki.com/ - Wilow Aridatha / 5176 9686 5635 5811 / 0725 / 437
2023-07-17T10:34:49.393Z - SUCCESS at http://07ca080f.tauzaki.com/ - Ayn Meryl / 5230 3807 0891 7942 / 0927 / 130
2023-07-17T10:34:58.796Z - SUCCESS at http://46899b39.tauzaki.com/ - Celestia Aretha / 5264 2497 2842 2292 / 0327 / 648
2023-07-17T10:35:08.292Z - SUCCESS at http://1c822092.tauzaki.com/ - Bobby Marjory / 5495 5591 1069 3663 / 0324 / 766
2023-07-17T10:35:18.231Z - SUCCESS at http://97fd281f.tauzaki.com/ - Lorrie Jessamyn / 5222 8508 2926 4429 / 1025 / 014
2023-07-17T10:35:29.279Z - SUCCESS at http://19273995.tauzaki.com/ - Manya Nathalia / 5133 6380 3118 7191 / 0627 / 182
2023-07-17T10:35:45.285Z - SUCCESS at http://909c4afb.tauzaki.com/ - Veradis Jackquelin / 5572 4613 5336 9980 / 0926 / 635
2023-07-17T10:35:58.537Z - SUCCESS at http://64d86050.tauzaki.com/ - Cariotta Marje / 5295 8968 9006 1943 / 0325 / 360
2023-07-17T10:36:54.950Z - SUCCESS at http://6abb8615.tauzaki.com/?id=presidential.com - Rina Bella / 5207 0635 3922 2648 / 0826 / 775
2023-07-17T10:37:04.089Z - SUCCESS at http://30ccd903.tauzaki.com/?id=lynde.com - Naomi Virginie / 5552 3183 8307 3487 / 0126 / 097
2023-07-17T10:37:13.460Z - SUCCESS at http://cde02c9f.tauzaki.com/?id=coral.edu - Lenette Leia / 5498 6338 6939 9724 / 1026 / 731
2023-07-17T10:37:24.328Z - SUCCESS at http://ed934a4b.tauzaki.com/?id=tiphani.ch - Blakeley Leah / 5309 5448 8931 0595 / 1026 / 060
2023-07-17T10:37:37.806Z - SUCCESS at http://8da53e8c.tauzaki.com/?id=katalin.de - Theresita Anthia / 5392 4255 9622 9316 / 0526 / 170
2023-07-17T10:37:52.813Z - SUCCESS at http://267f056c.tauzaki.com/?id=grata.org - Lucille June / 5382 3921 5653 7011 / 0126 / 120
2023-07-17T10:38:03.949Z - SUCCESS at http://734ed9bf.tauzaki.com/?id=charisse.edu - Kerry Chelsey / 5342 4941 8434 5730 / 1226 / 565
2023-07-17T10:38:15.841Z - SUCCESS at http://e0fe841c.tauzaki.com/?id=thia.com - Linnet Darbie / 5238 4640 5559 2613 / 0124 / 944
2023-07-17T10:38:30.726Z - SUCCESS at http://198d7884.tauzaki.com/?id=kathy.nl - Ralina Xena / 5523 5366 1820 5104 / 0727 / 421
2023-07-17T10:38:45.350Z - SUCCESS at http://64f7b185.tauzaki.com/?id=celine.ch - Reiko Melania / 5307 7156 1779 8206 / 0425 / 748
2023-07-17T10:38:58.320Z - SUCCESS at http://ec041df1.tauzaki.com/?id=gray.goc - Darya Brinn / 5516 7256 2845 4470 / 0325 / 573
2023-07-17T10:39:09.854Z - SUCCESS at http://f11c5037.tauzaki.com/?id=allx.com - Myrlene Cloris / 5572 0695 7858 3301 / 1124 / 898
2023-07-17T10:39:19.180Z - SUCCESS at http://f77a90d4.tauzaki.com/?id=lilyan.fr - Tera Ame / 5324 4611 2440 7012 / 1024 / 585
2023-07-17T10:39:31.338Z - SUCCESS at http://b46fe551.tauzaki.com/?id=sheela.goc - Pauletta Drusy / 5179 9753 9425 9051 / 1127 / 850
2023-07-17T10:39:43.405Z - SUCCESS at http://a654d42e.tauzaki.com/?id=carmencita.nl - Carita Selena / 5127 4593 5244 3488 / 0126 / 547
2023-07-17T10:39:52.107Z - SUCCESS at http://3cbb8baf.tauzaki.com/?id=mora.ch - Maighdiln Josefina / 5285 6821 9331 9203 / 1025 / 487
2023-07-17T10:40:04.393Z - SUCCESS at http://ca5a7d73.tauzaki.com/?id=herminia.nl - Josephina Atlanta / 5466 2322 4672 2046 / 0824 / 348
2023-07-17T10:40:15.159Z - SUCCESS at http://3bfbebb2.tauzaki.com/?id=various.com - Bryna Dasha / 5591 6137 1308 4361 / 1225 / 320
2023-07-17T10:40:26.396Z - SUCCESS at http://39c49b91.tauzaki.com/?id=necessary.net - Ania Emmie / 5584 5495 4026 3772 / 0626 / 060
2023-07-17T10:40:40.814Z - SUCCESS at http://141208f8.tauzaki.com/?id=cornie.de - Dulciana Reeta / 5310 6128 3915 7842 / 0726 / 542
2023-07-17T10:40:55.360Z - SUCCESS at http://a39ef5e3.tauzaki.com/?id=grubby.com - Brittani Junia / 5563 0732 5498 8512 / 0525 / 336
2023-07-17T10:41:07.811Z - SUCCESS at http://7d39c642.tauzaki.com/?id=georgena.de - Millisent Ame / 5599 2044 8915 8831 / 1226 / 290
2023-07-17T10:41:18.522Z - SUCCESS at http://de68986c.tauzaki.com/?id=laural.com - Elvira Aretha / 5148 9788 5406 5331 / 0627 / 654
2023-07-17T10:41:31.840Z - SUCCESS at http://97b00a03.tauzaki.com/?id=empty.net - Gabriell Kalinda / 5553 7533 4318 1967 / 0626 / 182
2023-07-17T10:41:44.309Z - SUCCESS at http://d1dd2c28.tauzaki.com/?id=ellynn.edu - Carry Margarette / 5146 1466 2722 0268 / 0824 / 066
2023-07-17T10:41:59.235Z - SUCCESS at http://5d2afae8.tauzaki.com/?id=cristina.org - Jordana Madelyn / 5436 9701 7843 5343 / 1224 / 326
2023-07-17T10:42:08.942Z - SUCCESS at http://530a43f8.tauzaki.com/?id=lexi.nl - Murielle Gates / 5130 4571 1398 2653 / 0226 / 880
2023-07-17T10:42:17.692Z - SUCCESS at http://e779c4e8.tauzaki.com/?id=sadye.fr - Ninnetta Lorelei / 5128 3024 6399 7780 / 0925 / 345
2023-07-17T10:42:28.335Z - SUCCESS at http://a80cb550.tauzaki.com/?id=amandi.de - Cherida Lisette / 5581 3109 9069 8433 / 0725 / 902
2023-07-17T10:42:43.240Z - SUCCESS at http://f29fc95d.tauzaki.com/?id=katha.net - Carleen Novelia / 5465 1691 1089 6394 / 0127 / 712
2023-07-17T10:42:56.293Z - SUCCESS at http://d22ba1ca.tauzaki.com/?id=di.net - Mame Karlie / 5424 1711 5588 9365 / 0925 / 579
2023-07-17T10:43:04.871Z - SUCCESS at http://80987b19.tauzaki.com/?id=ajay.de - Florenza Allison / 5486 7339 4939 0235 / 0625 / 464
2023-07-17T10:43:13.476Z - SUCCESS at http://902fb3b8.tauzaki.com/?id=cathrine.nl - Angele Alexa / 5534 1309 6307 6719 / 0224 / 065
2023-07-17T10:43:28.283Z - SUCCESS at http://f87f144d.tauzaki.com/?id=elissa.edu - Gabrila Bonni / 5554 9503 8028 6134 / 0825 / 982
2023-07-17T10:43:43.240Z - SUCCESS at http://008eda37.tauzaki.com/?id=belicia.net - Goldarina Tory / 5209 9387 1230 9238 / 0125 / 488
2023-07-17T10:43:54.952Z - SUCCESS at http://38ed5e28.tauzaki.com/?id=jenilee.uk - Phaidra Alfi / 5571 0497 6791 6580 / 0227 / 888
2023-07-17T10:44:06.968Z - SUCCESS at http://cb5d27ed.tauzaki.com/?id=usual.uk - Prisca Virginie / 5410 8297 4132 8763 / 1125 / 968
2023-07-17T10:44:16.887Z - SUCCESS at http://50e411f4.tauzaki.com/?id=soft.org - Sofia Karola / 5224 6280 4777 9020 / 0426 / 834
2023-07-17T10:44:31.324Z - SUCCESS at http://d5c45268.tauzaki.com/?id=jandy.uk - Iolande Janna / 5168 0772 0911 4430 / 0927 / 565
2023-07-17T10:44:46.890Z - SUCCESS at http://2da35c2b.tauzaki.com/?id=jere.de - Zena Aviva / 5583 9149 7299 9031 / 0124 / 259
2023-07-17T10:44:55.542Z - SUCCESS at http://67265246.tauzaki.com/?id=previous.de - Hannie Bren / 5520 3254 9770 7824 / 0724 / 091
2023-07-17T10:45:05.007Z - SUCCESS at http://77e78e6d.tauzaki.com/?id=siouxie.net - Cherilynn Alison / 5354 6931 6158 9566 / 0724 / 198
2023-07-17T10:45:15.343Z - SUCCESS at http://cfcd118e.tauzaki.com/?id=melisandra.net - Eunice Damita / 5362 6139 9093 2988 / 0325 / 295
2023-07-17T10:45:28.111Z - SUCCESS at http://3ee9135d.tauzaki.com/?id=sonya.nl - Peta Rivy / 5119 0884 9054 6712 / 0426 / 225
2023-07-17T10:45:39.908Z - SUCCESS at http://2785e0e8.tauzaki.com/?id=diann.nl - Jocelyne Kameko / 5212 5828 0987 5595 / 0726 / 663
2023-07-17T10:45:49.617Z - SUCCESS at http://d398b86b.tauzaki.com/?id=chere.goc - Evania Laina / 5260 6149 3305 4401 / 1224 / 319
2023-07-17T10:45:59.310Z - SUCCESS at http://86db0863.tauzaki.com/?id=rivy.org - Katrinka Walliw / 5424 9430 4308 4974 / 0624 / 861
2023-07-17T10:46:11.968Z - SUCCESS at http://196b54b0.tauzaki.com/?id=meade.edu - Meghann Gail / 5545 8688 8601 0163 / 0724 / 390
2023-07-17T10:46:20.784Z - SUCCESS at http://a545d3cb.tauzaki.com/?id=lexie.nl - Micaela Alfreda / 5490 7793 0263 8691 / 0126 / 191
2023-07-17T10:46:32.852Z - SUCCESS at http://b1d3861a.tauzaki.com/?id=rosabel.goc - Almeria Natka / 5504 7045 0431 6416 / 0527 / 487
2023-07-17T10:46:45.760Z - SUCCESS at http://efd193f6.tauzaki.com/?id=antonella.fr - Lorena Gillian / 5496 9608 0588 9184 / 0527 / 835
2023-07-17T10:47:03.142Z - SUCCESS at http://62361a8c.tauzaki.com/?id=gracie.com - Kelsey Bria / 5228 2111 5135 6511 / 0924 / 873
2023-07-17T10:47:11.805Z - SUCCESS at http://eb4e0124.tauzaki.com/?id=confused.net - Bobine Cleo / 5574 6298 0053 5578 / 0326 / 488
2023-07-17T10:47:20.397Z - SUCCESS at http://7760dd2a.tauzaki.com/?id=vitia.edu - Odessa Brittaney / 5102 6048 9023 7884 / 0425 / 071
2023-07-17T10:47:30.310Z - SUCCESS at http://9c1e2049.tauzaki.com/?id=raven.com - Lee Cherin / 5323 0009 5968 4844 / 1125 / 947
2023-07-17T10:47:42.316Z - SUCCESS at http://309fd312.tauzaki.com/?id=bold.nl - Eydie Sioux / 5396 5283 5958 4019 / 0225 / 972
2023-07-17T10:47:54.174Z - SUCCESS at http://f779cda6.tauzaki.com/?id=shallow.nl - Rosalinde Merle / 5389 2056 2828 8487 / 0326 / 422
2023-07-17T10:48:03.888Z - SUCCESS at http://1ab8810f.tauzaki.com/?id=berri.uk - Odetta Patrice / 5477 6467 2776 8431 / 0325 / 444
2023-07-17T10:48:13.327Z - SUCCESS at http://12269766.tauzaki.com/?id=luelle.nl - Rubie Tommy / 5568 4414 1511 9463 / 0525 / 083
2023-07-17T10:48:26.836Z - SUCCESS at http://a1a3ecb3.tauzaki.com/?id=antonetta.goc - Enriqueta Diane / 5469 1148 7434 1868 / 0624 / 313
2023-07-17T10:48:42.404Z - SUCCESS at http://6ead7cf5.tauzaki.com/?id=cynthy.edu - Phillida Edythe / 5373 8889 9619 1813 / 0226 / 203
2023-07-17T10:48:52.036Z - SUCCESS at http://c7708072.tauzaki.com/?id=elora.edu - Sibley Frank / 5594 4187 2270 3204 / 0727 / 157
2023-07-17T10:49:05.081Z - SUCCESS at http://aa880f7f.tauzaki.com/?id=dizzy.fr - Arabele Jonie / 5564 0042 9850 4751 / 1127 / 480
2023-07-17T10:49:14.616Z - SUCCESS at http://08214561.tauzaki.com/?id=gertrudis.fr - Marjorie Brigit / 5206 6520 4460 0631 / 0525 / 034
2023-07-17T10:49:31.335Z - SUCCESS at http://b8c64d59.tauzaki.com/?id=kipp.nl - Cinderella Jocelyne / 5144 5182 7207 6043 / 0725 / 315
2023-07-17T10:49:45.356Z - SUCCESS at http://b76831b6.tauzaki.com/?id=felicle.net - Sibby Gail / 5227 7881 0478 7759 / 0427 / 555
2023-07-17T10:49:57.522Z - SUCCESS at http://29b80ee4.tauzaki.com/?id=allianora.goc - Cthrine Pandora / 5481 2581 5435 1478 / 0527 / 116
2023-07-17T10:50:13.533Z - SUCCESS at http://5d502161.tauzaki.com/?id=anastasia.fr - Livia Sharity / 5404 3266 8770 7188 / 1027 / 250
2023-07-17T10:50:26.799Z - SUCCESS at http://ec3443ec.tauzaki.com/?id=gwyneth.com - Prue Natassia / 5465 4150 2701 5634 / 0127 / 315
2023-07-17T10:50:39.460Z - SUCCESS at http://bcd0990a.tauzaki.com/?id=stefanie.de - Helenka Mirabel / 5190 7407 3815 5848 / 0527 / 100
2023-07-17T10:50:47.812Z - SUCCESS at http://2f42c878.tauzaki.com/?id=almeda.com - Celesta Margarita / 5136 2627 4884 1669 / 0224 / 396
2023-07-17T10:51:00.191Z - SUCCESS at http://d5b841d9.tauzaki.com/?id=addy.edu - Phillida Melisent / 5453 5126 2623 1571 / 0124 / 569
2023-07-17T10:51:11.078Z - SUCCESS at http://2f82fa27.tauzaki.com/?id=open.de - Milzie Xena / 5374 4467 9753 1976 / 0426 / 737
2023-07-17T10:51:25.805Z - SUCCESS at http://5867a061.tauzaki.com/?id=wasteful.com - Gerty Betteann / 5443 7546 5324 1876 / 1226 / 798
2023-07-17T10:51:45.815Z - SUCCESS at http://673e6cd0.tauzaki.com/?id=rhody.de - Odelinda Rosalind / 5218 6056 1206 9795 / 0724 / 047
2023-07-17T10:51:57.865Z - SUCCESS at http://65aa818f.tauzaki.com/?id=ethyl.com - Piper Flo / 5373 7539 7803 8260 / 1024 / 153
2023-07-17T10:52:07.490Z - SUCCESS at http://f208ca77.tauzaki.com/?id=maurita.nl - Emmie Camella / 5498 4697 8440 8484 / 0127 / 335
2023-07-17T10:52:30.299Z - SUCCESS at http://abc963b7.tauzaki.com/?id=jaclyn.com - Kitty Virgina / 5483 5151 9834 7078 / 1126 / 741
2023-07-17T10:52:46.299Z - SUCCESS at http://d18d6174.tauzaki.com/?id=nydia.net - Mella Adriane / 5328 7606 3975 8081 / 0227 / 234
2023-07-17T10:52:54.541Z - SUCCESS at http://4012e061.tauzaki.com/?id=jesselyn.org - Julee Alecia / 5275 7548 6173 8868 / 0724 / 244
2023-07-17T10:53:07.618Z - SUCCESS at http://55bcd3e2.tauzaki.com/?id=alfi.fr - Jermaine Drucie / 5361 6214 4388 7018 / 0625 / 039
2023-07-17T10:53:18.600Z - SUCCESS at http://32b348fd.tauzaki.com/?id=margo.uk - Rycca Norrie / 5314 6813 6927 9788 / 0126 / 736
2023-07-17T10:53:29.743Z - SUCCESS at http://acc5c0d6.tauzaki.com/?id=audi.fr - Tawnya Reeba / 5279 3151 0686 6002 / 1024 / 305
2023-07-17T10:53:49.330Z - SUCCESS at http://0a6baa5b.tauzaki.com/?id=farand.net - Kally Monica / 5313 2156 2232 2889 / 1227 / 997
2023-07-17T10:53:58.536Z - SUCCESS at http://a30f2cab.tauzaki.com/?id=stormy.net - Elberta Gennie / 5259 9102 0558 6426 / 1126 / 339
2023-07-17T10:54:08.231Z - SUCCESS at http://c1f43ac7.tauzaki.com/?id=magdalena.com - Ophelie Phyllida / 5214 3398 6485 7857 / 1227 / 602
2023-07-17T10:54:18.343Z - SUCCESS at http://83c3a6e2.tauzaki.com/?id=selected.goc - Margalo Jeanne / 5121 6685 0661 2636 / 1226 / 434
